app/build/intermediates/manifest_merge_blame_file/debug/manifest-merger-blame-debug-report.txt
1<?xml version="1.0" encoding="utf-8"?>
2<manifest xmlns:android="http://schemas.android.com/apk/res/android"
3    package="com.udacity.project4"
4    android:versionCode="1"
5    android:versionName="1.0" >
6
7    <uses-sdk
8        android:minSdkVersion="16"
8-->src/main/AndroidManifest.xml
9        android:targetSdkVersion="30" />
9-->src/main/AndroidManifest.xml
10
11    <!--
12         The ACCESS_COARSE/FINE_LOCATION permissions are not required to use
13         Google Maps Android API v2, but you must specify either coarse or fine
14         location permissions for the 'MyLocation' functionality.
15    -->
16
17    <uses-permission android:name="android.permission.ACCESS_FINE_LOCATION" /> <!-- The BACKGROUND_LOCATION permission is required for geofencing functionality to work on Q+ -->
17-->src/main/AndroidManifest.xml:12:5-79
17-->src/main/AndroidManifest.xml:12:22-76
18    <uses-permission android:name="android.permission.ACCESS_BACKGROUND_LOCATION" />
18-->src/main/AndroidManifest.xml:13:5-85
18-->src/main/AndroidManifest.xml:13:22-82
19    <uses-permission android:name="android.permission.INTERNET" />
19-->src/main/AndroidManifest.xml:14:5-67
19-->src/main/AndroidManifest.xml:14:22-64
20    <uses-permission android:name="android.permission.WAKE_LOCK" />
20-->src/main/AndroidManifest.xml:15:5-68
20-->src/main/AndroidManifest.xml:15:22-65
21    <uses-permission android:name="android.permission.REORDER_TASKS" />
21-->[androidx.fragment:fragment-testing:1.1.0-alpha07] AndroidManifest.xml:24:5-72
21-->[androidx.fragment:fragment-testing:1.1.0-alpha07] AndroidManifest.xml:24:22-69
22    <uses-permission android:name="android.permission.ACCESS_WIFI_STATE" />
22-->[com.google.android.libraries.places:places:2.4.0] AndroidManifest.xml:10:5-76
22-->[com.google.android.libraries.places:places:2.4.0] AndroidManifest.xml:10:22-73
23    <uses-permission android:name="android.permission.ACCESS_NETWORK_STATE" />
23-->[com.firebaseui:firebase-ui-auth:7.1.1] AndroidManifest.xml:12:5-79
23-->[com.firebaseui:firebase-ui-auth:7.1.1] AndroidManifest.xml:12:22-76
24
25    <uses-feature
25-->[com.google.android.gms:play-services-maps:17.0.0] AndroidManifest.xml:26:5-28:35
26        android:glEsVersion="0x00020000"
26-->[com.google.android.gms:play-services-maps:17.0.0] AndroidManifest.xml:27:9-41
27        android:required="true" />
27-->[com.google.android.gms:play-services-maps:17.0.0] AndroidManifest.xml:28:9-32
28
29    <application
29-->src/main/AndroidManifest.xml:17:5-68:19
30        android:name="com.udacity.project4.MyApp"
30-->src/main/AndroidManifest.xml:18:9-30
31        android:allowBackup="true"
31-->src/main/AndroidManifest.xml:19:9-35
32        android:appComponentFactory="androidx.core.app.CoreComponentFactory"
32-->[androidx.core:core:1.3.1] AndroidManifest.xml:24:18-86
33        android:debuggable="true"
34        android:icon="@mipmap/ic_launcher"
34-->src/main/AndroidManifest.xml:20:9-43
35        android:label="@string/app_name"
35-->src/main/AndroidManifest.xml:21:9-41
36        android:roundIcon="@mipmap/ic_launcher_round"
36-->src/main/AndroidManifest.xml:22:9-54
37        android:supportsRtl="true"
37-->src/main/AndroidManifest.xml:23:9-35
38        android:testOnly="true"
39        android:theme="@style/AppTheme" >
39-->src/main/AndroidManifest.xml:24:9-40
40
41        <!--
42             TODO: Before you run your application, you need a Google Maps API key.
43
44             To get one, follow the directions here:
45
46                https://developers.google.com/maps/documentation/android-sdk/get-api-key
47
48             Once you have your API key (it starts with "AIza"), define a new property in your
49             project's local.properties file (e.g. MAPS_API_KEY=Aiza...), and replace the
50             "YOUR_API_KEY" string in this file with "${MAPS_API_KEY}".
51        -->
52
53        <meta-data
54            android:name="com.google.android.geo.API_KEY"
54-->src/main/AndroidManifest.xml:39:13-58
55            android:value="AIzaSyCfQgd752YNbd72dOovld2mYIlqima3id4" />
55-->src/main/AndroidManifest.xml:40:13-46
56
57        <activity
57-->src/main/AndroidManifest.xml:42:9-44:40
58            android:name="com.udacity.project4.locationreminders.ReminderDescriptionActivity"
58-->src/main/AndroidManifest.xml:43:13-74
59            android:exported="false" />
59-->src/main/AndroidManifest.xml:44:13-37
60        <activity
60-->src/main/AndroidManifest.xml:45:9-53:20
61            android:name="com.udacity.project4.authentication.AuthenticationActivity"
61-->src/main/AndroidManifest.xml:46:13-66
62            android:exported="true" >
62-->src/main/AndroidManifest.xml:47:13-36
63            <intent-filter>
63-->src/main/AndroidManifest.xml:48:13-52:29
64                <action android:name="android.intent.action.MAIN" />
64-->src/main/AndroidManifest.xml:49:17-69
64-->src/main/AndroidManifest.xml:49:25-66
65
66                <category android:name="android.intent.category.LAUNCHER" />
66-->src/main/AndroidManifest.xml:51:17-77
66-->src/main/AndroidManifest.xml:51:27-74
67            </intent-filter>
68        </activity>
69        <activity
69-->src/main/AndroidManifest.xml:54:9-57:20
70            android:name="com.udacity.project4.locationreminders.RemindersActivity"
70-->src/main/AndroidManifest.xml:55:13-64
71            android:exported="true" >
71-->src/main/AndroidManifest.xml:56:13-36
72        </activity>
73
74        <receiver
74-->src/main/AndroidManifest.xml:59:9-62:39
75            android:name="com.udacity.project4.locationreminders.geofence.GeofenceBroadcastReceiver"
75-->src/main/AndroidManifest.xml:60:13-81
76            android:enabled="true"
76-->src/main/AndroidManifest.xml:61:13-35
77            android:exported="true" />
77-->src/main/AndroidManifest.xml:62:13-36
78
79        <service
79-->src/main/AndroidManifest.xml:64:9-67:72
80            android:name="com.udacity.project4.locationreminders.geofence.GeofenceTransitionsJobIntentService"
80-->src/main/AndroidManifest.xml:65:13-91
81            android:exported="true"
81-->src/main/AndroidManifest.xml:66:13-36
82            android:permission="android.permission.BIND_JOB_SERVICE" />
82-->src/main/AndroidManifest.xml:67:13-69
83
84        <activity
84-->[androidx.fragment:fragment-testing:1.1.0-alpha07] AndroidManifest.xml:27:9-36:20
85            android:name="androidx.fragment.app.testing.FragmentScenario$EmptyFragmentActivity"
85-->[androidx.fragment:fragment-testing:1.1.0-alpha07] AndroidManifest.xml:28:13-96
86            android:exported="true"
86-->[androidx.fragment:fragment-testing:1.1.0-alpha07] AndroidManifest.xml:29:13-36
87            android:multiprocess="true"
87-->[androidx.fragment:fragment-testing:1.1.0-alpha07] AndroidManifest.xml:30:13-40
88            android:taskAffinity=""
88-->[androidx.fragment:fragment-testing:1.1.0-alpha07] AndroidManifest.xml:31:13-36
89            android:theme="@style/FragmentScenarioEmptyFragmentActivityTheme" >
89-->[androidx.fragment:fragment-testing:1.1.0-alpha07] AndroidManifest.xml:32:13-78
90            <intent-filter>
90-->[androidx.fragment:fragment-testing:1.1.0-alpha07] AndroidManifest.xml:33:13-35:29
91                <action android:name="android.intent.action.MAIN" />
91-->src/main/AndroidManifest.xml:49:17-69
91-->src/main/AndroidManifest.xml:49:25-66
92            </intent-filter>
93        </activity>
94        <activity
94-->[com.google.android.libraries.places:places:2.4.0] AndroidManifest.xml:14:9-20:20
95            android:name="com.google.android.libraries.places.widget.AutocompleteActivity"
95-->[com.google.android.libraries.places:places:2.4.0] AndroidManifest.xml:15:13-91
96            android:exported="false"
96-->[com.google.android.libraries.places:places:2.4.0] AndroidManifest.xml:16:13-37
97            android:label="@string/places_autocomplete_label"
97-->[com.google.android.libraries.places:places:2.4.0] AndroidManifest.xml:17:13-62
98            android:theme="@style/PlacesAutocompleteOverlay"
98-->[com.google.android.libraries.places:places:2.4.0] AndroidManifest.xml:18:13-61
99            android:windowSoftInputMode="adjustResize" >
99-->[com.google.android.libraries.places:places:2.4.0] AndroidManifest.xml:19:13-55
100        </activity>
101
102        <meta-data
102-->[com.firebaseui:firebase-ui-auth:7.1.1] AndroidManifest.xml:16:9-18:69
103            android:name="com.google.android.gms.version"
103-->[com.firebaseui:firebase-ui-auth:7.1.1] AndroidManifest.xml:17:13-58
104            android:value="@integer/google_play_services_version" />
104-->[com.firebaseui:firebase-ui-auth:7.1.1] AndroidManifest.xml:18:13-66
105        <meta-data
105-->[com.firebaseui:firebase-ui-auth:7.1.1] AndroidManifest.xml:19:9-21:63
106            android:name="com.facebook.sdk.ApplicationId"
106-->[com.firebaseui:firebase-ui-auth:7.1.1] AndroidManifest.xml:20:13-58
107            android:value="@string/facebook_application_id" />
107-->[com.firebaseui:firebase-ui-auth:7.1.1] AndroidManifest.xml:21:13-60
108
109        <activity
109-->[com.firebaseui:firebase-ui-auth:7.1.1] AndroidManifest.xml:23:9-27:61
110            android:name="com.firebase.ui.auth.KickoffActivity"
110-->[com.firebaseui:firebase-ui-auth:7.1.1] AndroidManifest.xml:24:13-64
111            android:exported="false"
111-->[com.firebaseui:firebase-ui-auth:7.1.1] AndroidManifest.xml:25:13-37
112            android:label=""
112-->[com.firebaseui:firebase-ui-auth:7.1.1] AndroidManifest.xml:26:13-29
113            android:theme="@style/FirebaseUI.Transparent" />
113-->[com.firebaseui:firebase-ui-auth:7.1.1] AndroidManifest.xml:27:13-58
114        <activity
114-->[com.firebaseui:firebase-ui-auth:7.1.1] AndroidManifest.xml:28:9-32:61
115            android:name="com.firebase.ui.auth.ui.idp.SingleSignInActivity"
115-->[com.firebaseui:firebase-ui-auth:7.1.1] AndroidManifest.xml:29:13-76
116            android:exported="false"
116-->[com.firebaseui:firebase-ui-auth:7.1.1] AndroidManifest.xml:30:13-37
117            android:label=""
117-->[com.firebaseui:firebase-ui-auth:7.1.1] AndroidManifest.xml:31:13-29
118            android:theme="@style/FirebaseUI.Transparent" />
118-->[com.firebaseui:firebase-ui-auth:7.1.1] AndroidManifest.xml:32:13-58
119        <activity
119-->[com.firebaseui:firebase-ui-auth:7.1.1] AndroidManifest.xml:33:9-37:61
120            android:name="com.firebase.ui.auth.ui.credentials.CredentialSaveActivity"
120-->[com.firebaseui:firebase-ui-auth:7.1.1] AndroidManifest.xml:34:13-86
121            android:exported="false"
121-->[com.firebaseui:firebase-ui-auth:7.1.1] AndroidManifest.xml:35:13-37
122            android:label=""
122-->[com.firebaseui:firebase-ui-auth:7.1.1] AndroidManifest.xml:36:13-29
123            android:theme="@style/FirebaseUI.Transparent" />
123-->[com.firebaseui:firebase-ui-auth:7.1.1] AndroidManifest.xml:37:13-58
124        <activity
124-->[com.firebaseui:firebase-ui-auth:7.1.1] AndroidManifest.xml:38:9-42:58
125            android:name="com.firebase.ui.auth.ui.email.RecoverPasswordActivity"
125-->[com.firebaseui:firebase-ui-auth:7.1.1] AndroidManifest.xml:39:13-81
126            android:exported="false"
126-->[com.firebaseui:firebase-ui-auth:7.1.1] AndroidManifest.xml:40:13-37
127            android:label="@string/fui_title_recover_password_activity"
127-->[com.firebaseui:firebase-ui-auth:7.1.1] AndroidManifest.xml:41:13-72
128            android:windowSoftInputMode="adjustResize" />
128-->[com.firebaseui:firebase-ui-auth:7.1.1] AndroidManifest.xml:42:13-55
129        <activity
129-->[com.firebaseui:firebase-ui-auth:7.1.1] AndroidManifest.xml:43:9-47:58
130            android:name="com.firebase.ui.auth.ui.email.EmailActivity"
130-->[com.firebaseui:firebase-ui-auth:7.1.1] AndroidManifest.xml:44:13-71
131            android:exported="false"
131-->[com.firebaseui:firebase-ui-auth:7.1.1] AndroidManifest.xml:45:13-37
132            android:label="@string/fui_sign_in_default"
132-->[com.firebaseui:firebase-ui-auth:7.1.1] AndroidManifest.xml:46:13-56
133            android:windowSoftInputMode="adjustResize" />
133-->[com.firebaseui:firebase-ui-auth:7.1.1] AndroidManifest.xml:47:13-55
134        <activity
134-->[com.firebaseui:firebase-ui-auth:7.1.1] AndroidManifest.xml:48:9-52:77
135            android:name="com.firebase.ui.auth.ui.phone.PhoneActivity"
135-->[com.firebaseui:firebase-ui-auth:7.1.1] AndroidManifest.xml:49:13-71
136            android:exported="false"
136-->[com.firebaseui:firebase-ui-auth:7.1.1] AndroidManifest.xml:50:13-37
137            android:label="@string/fui_sign_in_with_phone_number"
137-->[com.firebaseui:firebase-ui-auth:7.1.1] AndroidManifest.xml:51:13-66
138            android:windowSoftInputMode="adjustResize|stateAlwaysVisible" />
138-->[com.firebaseui:firebase-ui-auth:7.1.1] AndroidManifest.xml:52:13-74
139        <activity
139-->[com.firebaseui:firebase-ui-auth:7.1.1] AndroidManifest.xml:53:9-57:58
140            android:name="com.firebase.ui.auth.ui.idp.WelcomeBackIdpPrompt"
140-->[com.firebaseui:firebase-ui-auth:7.1.1] AndroidManifest.xml:54:13-76
141            android:exported="false"
141-->[com.firebaseui:firebase-ui-auth:7.1.1] AndroidManifest.xml:55:13-37
142            android:label="@string/fui_title_welcome_back_idp_prompt"
142-->[com.firebaseui:firebase-ui-auth:7.1.1] AndroidManifest.xml:56:13-70
143            android:windowSoftInputMode="adjustResize" />
143-->[com.firebaseui:firebase-ui-auth:7.1.1] AndroidManifest.xml:57:13-55
144        <activity
144-->[com.firebaseui:firebase-ui-auth:7.1.1] AndroidManifest.xml:58:9-62:58
145            android:name="com.firebase.ui.auth.ui.email.WelcomeBackPasswordPrompt"
145-->[com.firebaseui:firebase-ui-auth:7.1.1] AndroidManifest.xml:59:13-83
146            android:exported="false"
146-->[com.firebaseui:firebase-ui-auth:7.1.1] AndroidManifest.xml:60:13-37
147            android:label="@string/fui_title_welcome_back_password_prompt"
147-->[com.firebaseui:firebase-ui-auth:7.1.1] AndroidManifest.xml:61:13-75
148            android:windowSoftInputMode="adjustResize" />
148-->[com.firebaseui:firebase-ui-auth:7.1.1] AndroidManifest.xml:62:13-55
149        <activity
149-->[com.firebaseui:firebase-ui-auth:7.1.1] AndroidManifest.xml:63:9-67:58
150            android:name="com.firebase.ui.auth.ui.email.WelcomeBackEmailLinkPrompt"
150-->[com.firebaseui:firebase-ui-auth:7.1.1] AndroidManifest.xml:64:13-84
151            android:exported="false"
151-->[com.firebaseui:firebase-ui-auth:7.1.1] AndroidManifest.xml:65:13-37
152            android:label="@string/fui_title_welcome_back_password_prompt"
152-->[com.firebaseui:firebase-ui-auth:7.1.1] AndroidManifest.xml:66:13-75
153            android:windowSoftInputMode="adjustResize" />
153-->[com.firebaseui:firebase-ui-auth:7.1.1] AndroidManifest.xml:67:13-55
154        <activity
154-->[com.firebaseui:firebase-ui-auth:7.1.1] AndroidManifest.xml:68:9-73:58
155            android:name="com.firebase.ui.auth.ui.email.EmailLinkCatcherActivity"
155-->[com.firebaseui:firebase-ui-auth:7.1.1] AndroidManifest.xml:69:13-82
156            android:exported="false"
156-->[com.firebaseui:firebase-ui-auth:7.1.1] AndroidManifest.xml:70:13-37
157            android:label=""
157-->[com.firebaseui:firebase-ui-auth:7.1.1] AndroidManifest.xml:71:13-29
158            android:theme="@style/FirebaseUI.Transparent"
158-->[com.firebaseui:firebase-ui-auth:7.1.1] AndroidManifest.xml:72:13-58
159            android:windowSoftInputMode="adjustResize" />
159-->[com.firebaseui:firebase-ui-auth:7.1.1] AndroidManifest.xml:73:13-55
160        <activity
160-->[com.firebaseui:firebase-ui-auth:7.1.1] AndroidManifest.xml:74:9-78:58
161            android:name="com.firebase.ui.auth.ui.email.EmailLinkErrorRecoveryActivity"
161-->[com.firebaseui:firebase-ui-auth:7.1.1] AndroidManifest.xml:75:13-88
162            android:exported="false"
162-->[com.firebaseui:firebase-ui-auth:7.1.1] AndroidManifest.xml:76:13-37
163            android:label="@string/fui_sign_in_default"
163-->[com.firebaseui:firebase-ui-auth:7.1.1] AndroidManifest.xml:77:13-56
164            android:windowSoftInputMode="adjustResize" />
164-->[com.firebaseui:firebase-ui-auth:7.1.1] AndroidManifest.xml:78:13-55
165        <activity
165-->[com.firebaseui:firebase-ui-auth:7.1.1] AndroidManifest.xml:79:9-82:65
166            android:name="com.firebase.ui.auth.ui.idp.AuthMethodPickerActivity"
166-->[com.firebaseui:firebase-ui-auth:7.1.1] AndroidManifest.xml:80:13-80
167            android:exported="false"
167-->[com.firebaseui:firebase-ui-auth:7.1.1] AndroidManifest.xml:81:13-37
168            android:label="@string/fui_default_toolbar_title" />
168-->[com.firebaseui:firebase-ui-auth:7.1.1] AndroidManifest.xml:82:13-62
169        <activity
169-->[com.firebaseui:firebase-ui-auth:7.1.1] AndroidManifest.xml:83:9-87:48
170            android:name="com.facebook.FacebookActivity"
170-->[com.firebaseui:firebase-ui-auth:7.1.1] AndroidManifest.xml:84:13-57
171            android:configChanges="keyboard|keyboardHidden|screenLayout|screenSize|orientation"
171-->[com.firebaseui:firebase-ui-auth:7.1.1] AndroidManifest.xml:85:13-96
172            android:label="@string/app_name" />
172-->[com.firebaseui:firebase-ui-auth:7.1.1] AndroidManifest.xml:86:13-45
173        <activity
173-->[com.firebaseui:firebase-ui-auth:7.1.1] AndroidManifest.xml:88:9-100:20
174            android:name="com.facebook.CustomTabActivity"
174-->[com.firebaseui:firebase-ui-auth:7.1.1] AndroidManifest.xml:89:13-58
175            android:exported="true" >
175-->[com.firebaseui:firebase-ui-auth:7.1.1] AndroidManifest.xml:90:13-36
176            <intent-filter>
176-->[com.firebaseui:firebase-ui-auth:7.1.1] AndroidManifest.xml:92:13-99:29
177                <action android:name="android.intent.action.VIEW" />
177-->[com.firebaseui:firebase-ui-auth:7.1.1] AndroidManifest.xml:93:17-69
177-->[com.firebaseui:firebase-ui-auth:7.1.1] AndroidManifest.xml:93:25-66
178
179                <category android:name="android.intent.category.DEFAULT" />
179-->[com.firebaseui:firebase-ui-auth:7.1.1] AndroidManifest.xml:95:17-76
179-->[com.firebaseui:firebase-ui-auth:7.1.1] AndroidManifest.xml:95:27-73
180                <category android:name="android.intent.category.BROWSABLE" />
180-->[com.firebaseui:firebase-ui-auth:7.1.1] AndroidManifest.xml:96:17-78
180-->[com.firebaseui:firebase-ui-auth:7.1.1] AndroidManifest.xml:96:27-75
181
182                <data android:scheme="@string/facebook_login_protocol_scheme" />
182-->[com.firebaseui:firebase-ui-auth:7.1.1] AndroidManifest.xml:98:17-81
182-->[com.firebaseui:firebase-ui-auth:7.1.1] AndroidManifest.xml:98:23-78
183            </intent-filter>
184        </activity>
185
186        <provider
186-->[com.firebaseui:firebase-ui-auth:7.1.1] AndroidManifest.xml:102:9-106:38
187            android:name="com.firebase.ui.auth.data.client.AuthUiInitProvider"
187-->[com.firebaseui:firebase-ui-auth:7.1.1] AndroidManifest.xml:103:13-79
188            android:authorities="com.udacity.project4.authuiinitprovider"
188-->[com.firebaseui:firebase-ui-auth:7.1.1] AndroidManifest.xml:104:13-70
189            android:exported="false"
189-->[com.firebaseui:firebase-ui-auth:7.1.1] AndroidManifest.xml:105:13-37
190            android:initOrder="90" />
190-->[com.firebaseui:firebase-ui-auth:7.1.1] AndroidManifest.xml:106:13-35
191
192        <activity
192-->[androidx.test:core:1.2.0-beta01] AndroidManifest.xml:27:9-33:20
193            android:name="androidx.test.core.app.InstrumentationActivityInvoker$BootstrapActivity"
193-->[androidx.test:core:1.2.0-beta01] AndroidManifest.xml:28:13-99
194            android:theme="@android:style/Theme" >
194-->[androidx.test:core:1.2.0-beta01] AndroidManifest.xml:29:13-49
195            <intent-filter>
195-->[androidx.fragment:fragment-testing:1.1.0-alpha07] AndroidManifest.xml:33:13-35:29
196                <action android:name="android.intent.action.MAIN" />
196-->src/main/AndroidManifest.xml:49:17-69
196-->src/main/AndroidManifest.xml:49:25-66
197            </intent-filter>
198        </activity>
199        <activity
199-->[androidx.test:core:1.2.0-beta01] AndroidManifest.xml:34:9-40:20
200            android:name="androidx.test.core.app.InstrumentationActivityInvoker$EmptyActivity"
200-->[androidx.test:core:1.2.0-beta01] AndroidManifest.xml:35:13-95
201            android:theme="@android:style/Theme" >
201-->[androidx.test:core:1.2.0-beta01] AndroidManifest.xml:36:13-49
202            <intent-filter>
202-->[androidx.fragment:fragment-testing:1.1.0-alpha07] AndroidManifest.xml:33:13-35:29
203                <action android:name="android.intent.action.MAIN" />
203-->src/main/AndroidManifest.xml:49:17-69
203-->src/main/AndroidManifest.xml:49:25-66
204            </intent-filter>
205        </activity>
206        <activity
206-->[androidx.test:core:1.2.0-beta01] AndroidManifest.xml:41:9-47:20
207            android:name="androidx.test.core.app.InstrumentationActivityInvoker$EmptyFloatingActivity"
207-->[androidx.test:core:1.2.0-beta01] AndroidManifest.xml:42:13-103
208            android:theme="@android:style/Theme.Dialog" >
208-->[androidx.test:core:1.2.0-beta01] AndroidManifest.xml:43:13-56
209            <intent-filter>
209-->[androidx.fragment:fragment-testing:1.1.0-alpha07] AndroidManifest.xml:33:13-35:29
210                <action android:name="android.intent.action.MAIN" />
210-->src/main/AndroidManifest.xml:49:17-69
210-->src/main/AndroidManifest.xml:49:25-66
211            </intent-filter>
212        </activity> <!-- Needs to be explicitly declared on P+ -->
213        <uses-library
213-->[com.google.android.gms:play-services-maps:17.0.0] AndroidManifest.xml:33:9-35:40
214            android:name="org.apache.http.legacy"
214-->[com.google.android.gms:play-services-maps:17.0.0] AndroidManifest.xml:34:13-50
215            android:required="false" />
215-->[com.google.android.gms:play-services-maps:17.0.0] AndroidManifest.xml:35:13-37
216
217        <activity
217-->[com.google.firebase:firebase-auth:20.0.0] AndroidManifest.xml:27:9-34:50
218            android:name="com.google.firebase.auth.internal.FederatedSignInActivity"
218-->[com.google.firebase:firebase-auth:20.0.0] AndroidManifest.xml:28:13-85
219            android:excludeFromRecents="true"
219-->[com.google.firebase:firebase-auth:20.0.0] AndroidManifest.xml:29:13-46
220            android:exported="true"
220-->[com.google.firebase:firebase-auth:20.0.0] AndroidManifest.xml:30:13-36
221            android:launchMode="singleTask"
221-->[com.google.firebase:firebase-auth:20.0.0] AndroidManifest.xml:31:13-44
222            android:permission="com.google.firebase.auth.api.gms.permission.LAUNCH_FEDERATED_SIGN_IN"
222-->[com.google.firebase:firebase-auth:20.0.0] AndroidManifest.xml:32:13-102
223            android:theme="@android:style/Theme.Translucent.NoTitleBar" />
223-->[com.google.firebase:firebase-auth:20.0.0] AndroidManifest.xml:33:13-72
224        <activity
224-->[com.google.firebase:firebase-auth:20.0.0] AndroidManifest.xml:35:9-52:20
225            android:name="com.google.firebase.auth.internal.GenericIdpActivity"
225-->[com.google.firebase:firebase-auth:20.0.0] AndroidManifest.xml:36:13-80
226            android:excludeFromRecents="true"
226-->[com.google.firebase:firebase-auth:20.0.0] AndroidManifest.xml:37:13-46
227            android:exported="true"
227-->[com.google.firebase:firebase-auth:20.0.0] AndroidManifest.xml:38:13-36
228            android:launchMode="singleTask"
228-->[com.google.firebase:firebase-auth:20.0.0] AndroidManifest.xml:39:13-44
229            android:theme="@android:style/Theme.Translucent.NoTitleBar" >
229-->[com.google.firebase:firebase-auth:20.0.0] AndroidManifest.xml:40:13-72
230            <intent-filter>
230-->[com.google.firebase:firebase-auth:20.0.0] AndroidManifest.xml:41:13-51:29
231                <action android:name="android.intent.action.VIEW" />
231-->[com.firebaseui:firebase-ui-auth:7.1.1] AndroidManifest.xml:93:17-69
231-->[com.firebaseui:firebase-ui-auth:7.1.1] AndroidManifest.xml:93:25-66
232
233                <category android:name="android.intent.category.DEFAULT" />
233-->[com.firebaseui:firebase-ui-auth:7.1.1] AndroidManifest.xml:95:17-76
233-->[com.firebaseui:firebase-ui-auth:7.1.1] AndroidManifest.xml:95:27-73
234                <category android:name="android.intent.category.BROWSABLE" />
234-->[com.firebaseui:firebase-ui-auth:7.1.1] AndroidManifest.xml:96:17-78
234-->[com.firebaseui:firebase-ui-auth:7.1.1] AndroidManifest.xml:96:27-75
235
236                <data
236-->[com.firebaseui:firebase-ui-auth:7.1.1] AndroidManifest.xml:98:17-81
237                    android:host="firebase.auth"
238                    android:path="/"
239                    android:scheme="genericidp" />
239-->[com.firebaseui:firebase-ui-auth:7.1.1] AndroidManifest.xml:98:23-78
240            </intent-filter>
241        </activity>
242        <activity
242-->[com.google.firebase:firebase-auth:20.0.0] AndroidManifest.xml:53:9-70:20
243            android:name="com.google.firebase.auth.internal.RecaptchaActivity"
243-->[com.google.firebase:firebase-auth:20.0.0] AndroidManifest.xml:54:13-79
244            android:excludeFromRecents="true"
244-->[com.google.firebase:firebase-auth:20.0.0] AndroidManifest.xml:55:13-46
245            android:exported="true"
245-->[com.google.firebase:firebase-auth:20.0.0] AndroidManifest.xml:56:13-36
246            android:launchMode="singleTask"
246-->[com.google.firebase:firebase-auth:20.0.0] AndroidManifest.xml:57:13-44
247            android:theme="@android:style/Theme.Translucent.NoTitleBar" >
247-->[com.google.firebase:firebase-auth:20.0.0] AndroidManifest.xml:58:13-72
248            <intent-filter>
248-->[com.google.firebase:firebase-auth:20.0.0] AndroidManifest.xml:59:13-69:29
249                <action android:name="android.intent.action.VIEW" />
249-->[com.firebaseui:firebase-ui-auth:7.1.1] AndroidManifest.xml:93:17-69
249-->[com.firebaseui:firebase-ui-auth:7.1.1] AndroidManifest.xml:93:25-66
250
251                <category android:name="android.intent.category.DEFAULT" />
251-->[com.firebaseui:firebase-ui-auth:7.1.1] AndroidManifest.xml:95:17-76
251-->[com.firebaseui:firebase-ui-auth:7.1.1] AndroidManifest.xml:95:27-73
252                <category android:name="android.intent.category.BROWSABLE" />
252-->[com.firebaseui:firebase-ui-auth:7.1.1] AndroidManifest.xml:96:17-78
252-->[com.firebaseui:firebase-ui-auth:7.1.1] AndroidManifest.xml:96:27-75
253
254                <data
254-->[com.firebaseui:firebase-ui-auth:7.1.1] AndroidManifest.xml:98:17-81
255                    android:host="firebase.auth"
256                    android:path="/"
257                    android:scheme="recaptcha" />
257-->[com.firebaseui:firebase-ui-auth:7.1.1] AndroidManifest.xml:98:23-78
258            </intent-filter>
259        </activity>
260
261        <service
261-->[com.google.firebase:firebase-auth:20.0.0] AndroidManifest.xml:72:9-81:19
262            android:name="com.google.firebase.auth.api.fallback.service.FirebaseAuthFallbackService"
262-->[com.google.firebase:firebase-auth:20.0.0] AndroidManifest.xml:73:13-101
263            android:enabled="true"
263-->[com.google.firebase:firebase-auth:20.0.0] AndroidManifest.xml:74:13-35
264            android:exported="false" >
264-->[com.google.firebase:firebase-auth:20.0.0] AndroidManifest.xml:75:13-37
265            <intent-filter>
265-->[com.google.firebase:firebase-auth:20.0.0] AndroidManifest.xml:76:13-80:29
266                <action android:name="com.google.firebase.auth.api.gms.service.START" />
266-->[com.google.firebase:firebase-auth:20.0.0] AndroidManifest.xml:77:17-89
266-->[com.google.firebase:firebase-auth:20.0.0] AndroidManifest.xml:77:25-86
267
268                <category android:name="android.intent.category.DEFAULT" />
268-->[com.firebaseui:firebase-ui-auth:7.1.1] AndroidManifest.xml:95:17-76
268-->[com.firebaseui:firebase-ui-auth:7.1.1] AndroidManifest.xml:95:27-73
269            </intent-filter>
270        </service>
271        <service
271-->[com.google.firebase:firebase-auth:20.0.0] AndroidManifest.xml:82:9-88:19
272            android:name="com.google.firebase.components.ComponentDiscoveryService"
272-->[com.google.firebase:firebase-auth:20.0.0] AndroidManifest.xml:83:13-84
273            android:directBootAware="true"
273-->[com.google.firebase:firebase-common:19.3.0] AndroidManifest.xml:34:13-43
274            android:exported="false" >
274-->[com.google.firebase:firebase-auth:20.0.0] AndroidManifest.xml:84:13-37
275            <meta-data
275-->[com.google.firebase:firebase-auth:20.0.0] AndroidManifest.xml:85:13-87:85
276                android:name="com.google.firebase.components:com.google.firebase.auth.FirebaseAuthRegistrar"
276-->[com.google.firebase:firebase-auth:20.0.0] AndroidManifest.xml:86:17-109
277                android:value="com.google.firebase.components.ComponentRegistrar" />
277-->[com.google.firebase:firebase-auth:20.0.0] AndroidManifest.xml:87:17-82
278        </service>
279
280        <activity
280-->[com.google.android.gms:play-services-auth:19.0.0] AndroidManifest.xml:23:9-27:75
281            android:name="com.google.android.gms.auth.api.signin.internal.SignInHubActivity"
281-->[com.google.android.gms:play-services-auth:19.0.0] AndroidManifest.xml:24:13-93
282            android:excludeFromRecents="true"
282-->[com.google.android.gms:play-services-auth:19.0.0] AndroidManifest.xml:25:13-46
283            android:exported="false"
283-->[com.google.android.gms:play-services-auth:19.0.0] AndroidManifest.xml:26:13-37
284            android:theme="@android:style/Theme.Translucent.NoTitleBar" />
284-->[com.google.android.gms:play-services-auth:19.0.0] AndroidManifest.xml:27:13-72
285        <!--
286            Service handling Google Sign-In user revocation. For apps that do not integrate with
287            Google Sign-In, this service will never be started.
288        -->
289        <service